<?xml version="1.0" encoding="UTF-8"?>
<testsuite xmlns:xsi="http://www.w3.org/2001/XMLSchema-instance" xsi:noNamespaceSchemaLocation="https://maven.apache.org/surefire/maven-surefire-plugin/xsd/surefire-test-report-3.0.xsd" version="3.0" name="org.hibernate.bugs.ORMStandaloneTestCase" time="0.021" tests="1" errors="0" skipped="0" failures="0">
  <properties>
[...]
</properties>
  <testcase name="hhh123Test" classname="org.hibernate.bugs.ORMStandaloneTestCase" time="0.021">
    <system-out><![CDATA[2023-10-10 19:26:35 WARN  CachingRegionFactory:48 - org.hibernate.testing.cache.CachingRegionFactory should be only used for testing.
2023-10-10 19:26:35 INFO  RegionFactoryInitiator:53 - HHH000025: Second-level cache region factory [org.hibernate.testing.cache.CachingRegionFactory]
2023-10-10 19:26:35 WARN  pooling:80 - HHH10001002: Using built-in connection pool (not intended for production use)
2023-10-10 19:26:35 INFO  pooling:135 - HHH10001005: Loaded JDBC driver class: org.h2.Driver
2023-10-10 19:26:35 INFO  pooling:157 - HHH10001012: Connecting with JDBC URL [jdbc:h2:mem:db1;DB_CLOSE_DELAY=-1]
2023-10-10 19:26:35 INFO  pooling:166 - HHH10001001: Connection properties: {password=****, user=sa}
2023-10-10 19:26:35 INFO  pooling:170 - HHH10001003: Autocommit mode: false
2023-10-10 19:26:35 INFO  pooling:366 - HHH10001115: Connection pool size: 5 (min=1)
2023-10-10 19:26:35 WARN  deprecation:152 - HHH90000025: H2Dialect does not need to be specified explicitly using 'hibernate.dialect' (remove the property setting and it will be selected by default)
2023-10-10 19:26:35 INFO  JtaPlatformInitiator:55 - HHH000490: Using JTA platform [org.hibernate.engine.transaction.jta.platform.internal.WildFlyStandAloneJtaPlatform]
]]></system-out>
  </testcase>
</testsuite>